       22.6621894836         0.0000000000         0.0000000000
         0.0000000000        22.6621894836         0.0000000000
         0.0000000000         0.0000000000        22.6986274719
 1 0 0
0 1 0
0 0 1
      0.875000000         0.625000000         0.500000000 Zn 
      0.375000000         0.500000000         0.125000000 Zn 
      0.875000000         0.250000000         0.125000000 Zn 
      0.750000000         0.250000000         0.250000000 Zn 
      0.750000000         0.875000000         0.125000000 Zn 
      0.375000000         0.000000000         0.875000000 Zn 
      0.125000000         0.375000000         0.500000000 Zn 
      0.500000000         0.500000000         0.000000000 Zn 
      0.625000000         0.375000000         0.500000000 Zn 
      0.375000000         0.750000000         0.125000000 Zn 
      0.500000000         0.500000000         0.750000000 Zn 
      0.625000000         0.500000000         0.375000000 Zn 
      0.250000000         0.375000000         0.875000000 Zn 
      0.375000000         0.125000000         0.000000000 Zn 
      0.750000000         0.250000000         0.500000000 Zn 
      0.625000000         0.125000000         0.250000000 Zn 
      0.625000000         0.625000000         0.000000000 Zn 
      0.500000000         0.250000000         0.500000000 Zn 
      0.250000000         0.875000000         0.125000000 Zn 
      0.875000000         0.500000000         0.125000000 Zn 
      0.625000000         0.125000000         0.750000000 Zn 
      0.125000000         0.875000000         0.000000000 Zn 
      0.875000000         0.625000000         0.000000000 Zn 
      0.250000000         0.375000000         0.125000000 Zn 
      0.250000000         0.500000000         0.750000000 Zn 
      0.625000000         0.125000000         0.000000000 Zn 
      0.250000000         0.875000000         0.375000000 Zn 
      0.625000000         0.875000000         0.500000000 Zn 
      0.500000000         0.375000000         0.625000000 Zn 
      0.875000000         0.000000000         0.375000000 Zn 
      0.250000000         0.625000000         0.875000000 Zn 
      0.500000000         0.625000000         0.375000000 Zn 
      0.125000000         0.625000000         0.000000000 Zn 
      0.500000000         0.750000000         0.750000000 Zn 
      0.625000000         0.375000000         0.750000000 Zn 
      0.375000000         0.250000000         0.125000000 Zn 
      0.625000000         0.625000000         0.250000000 Zn 
      0.000000000         0.000000000         0.500000000 Zn 
      0.750000000         0.875000000         0.625000000 Zn 
      0.250000000         0.625000000         0.125000000 Zn 
      0.750000000         0.375000000         0.875000000 Zn 
      0.000000000         0.875000000         0.125000000 Zn 
      0.375000000         0.500000000         0.875000000 Zn 
      0.500000000         0.250000000         0.250000000 Zn 
      0.125000000         0.125000000         0.250000000 Zn 
      0.375000000         0.125000000         0.750000000 Zn 
      0.000000000         0.125000000         0.125000000 Zn 
      0.125000000         0.125000000         0.000000000 Zn 
      0.250000000         0.875000000         0.875000000 Zn 
      0.875000000         0.500000000         0.875000000 Zn 
      0.375000000         0.625000000         0.500000000 Zn 
      0.125000000         0.625000000         0.250000000 Zn 
      0.500000000         0.000000000         0.250000000 Zn 
      0.500000000         0.750000000         0.250000000 Zn 
      0.000000000         0.250000000         0.750000000 Zn 
      0.375000000         0.000000000         0.625000000 Zn 
      0.000000000         0.125000000         0.375000000 Zn 
      0.250000000         0.625000000         0.375000000 Zn 
      0.625000000         0.125000000         0.500000000 Zn 
      0.375000000         0.250000000         0.375000000 Zn 
      0.000000000         0.625000000         0.125000000 Zn 
      0.000000000         0.125000000         0.875000000 Zn 
      0.875000000         0.750000000         0.375000000 Zn 
      0.000000000         0.875000000         0.875000000 Zn 
      0.875000000         0.750000000         0.875000000 Zn 
      0.625000000         0.500000000         0.875000000 Zn 
      0.125000000         0.125000000         0.750000000 Zn 
      0.000000000         0.375000000         0.375000000 Zn 
      0.750000000         0.375000000         0.625000000 Zn 
      0.500000000         0.875000000         0.875000000 Zn 
      0.625000000         0.375000000         0.250000000 Zn 
      0.875000000         0.750000000         0.625000000 Zn 
      0.375000000         0.500000000         0.625000000 Zn 
      0.000000000         0.500000000         0.250000000 Zn 
      0.875000000         0.000000000         0.625000000 Zn 
      0.500000000         0.375000000         0.875000000 Zn 
      0.125000000         0.875000000         0.500000000 Zn 
      0.750000000         0.875000000         0.375000000 Zn 
      0.750000000         0.750000000         0.750000000 Zn 
      0.750000000         0.375000000         0.375000000 Zn 
      0.000000000         0.000000000         0.250000000 Zn 
      0.750000000         0.875000000         0.875000000 Zn 
      0.125000000         0.375000000         0.250000000 Zn 
      0.375000000         0.250000000         0.625000000 Zn 
      0.500000000         0.000000000         0.500000000 Zn 
      0.375000000         0.625000000         0.000000000 Zn 
      0.375000000         0.000000000         0.375000000 Zn 
      0.125000000         0.125000000         0.500000000 Zn 
      0.000000000         0.250000000         0.500000000 Zn 
      0.125000000         0.375000000         0.000000000 Zn 
      0.250000000         0.750000000         0.000000000 Zn 
      0.375000000         0.875000000         0.000000000 Zn 
      0.875000000         0.125000000         0.750000000 Zn 
      0.250000000         0.250000000         0.250000000 Zn 
      0.000000000         0.750000000         0.000000000 Zn 
      0.500000000         0.250000000         0.750000000 Zn 
      0.750000000         0.125000000         0.375000000 Zn 
      0.625000000         0.250000000         0.875000000 Zn 
      0.250000000         0.375000000         0.375000000 Zn 
      0.500000000         0.250000000         0.000000000 Zn 
      0.375000000         0.000000000         0.125000000 Zn 
      0.125000000         0.625000000         0.750000000 Zn 
      0.875000000         0.250000000         0.375000000 Zn 
      0.750000000         0.625000000         0.875000000 Zn 
      0.125000000         0.375000000         0.750000000 Zn 
      0.125000000         0.000000000         0.375000000 Zn 
      0.625000000         0.875000000         0.750000000 Zn 
      0.750000000         0.125000000         0.625000000 Zn 
      0.000000000         0.375000000         0.125000000 Zn 
      0.125000000         0.625000000         0.500000000 Zn 
      0.875000000         0.500000000         0.625000000 Zn 
      0.250000000         0.125000000         0.625000000 Zn 
      0.000000000         0.750000000         0.750000000 Zn 
      0.750000000         0.750000000         0.000000000 Zn 
      0.750000000         0.000000000         0.750000000 Zn 
      0.375000000         0.375000000         0.500000000 Zn 
      0.750000000         0.625000000         0.375000000 Zn 
      0.875000000         0.875000000         0.000000000 Zn 
      0.875000000         0.250000000         0.625000000 Zn 
      0.750000000         0.250000000         0.750000000 Zn 
      0.500000000         0.375000000         0.375000000 Zn 
      0.875000000         0.000000000         0.875000000 Zn 
      0.375000000         0.750000000         0.875000000 Zn 
      0.250000000         0.750000000         0.750000000 Zn 
      0.500000000         0.875000000         0.375000000 Zn 
      0.625000000         0.500000000         0.625000000 Zn 
      0.000000000         0.250000000         0.250000000 Zn 
      0.000000000         0.875000000         0.625000000 Zn 
      0.625000000         0.750000000         0.375000000 Sn 
      0.000000000         0.625000000         0.375000000 Sn 
      0.875000000         0.375000000         0.500000000 Sn 
      0.625000000         0.000000000         0.375000000 Sn 
      0.250000000         0.125000000         0.875000000 Sn 
      0.625000000         0.250000000         0.625000000 Sn 
      0.000000000         0.125000000         0.625000000 Sn 
      0.625000000         0.000000000         0.625000000 Sn 
      0.750000000         0.125000000         0.125000000 Sn 
      0.125000000         0.750000000         0.875000000 Sn 
      0.750000000         0.625000000         0.625000000 Sn 
      0.375000000         0.625000000         0.750000000 Sn 
      0.375000000         0.875000000         0.750000000 Sn 
      0.875000000         0.375000000         0.750000000 Sn 
      0.000000000         0.625000000         0.625000000 Sn 
      0.250000000         0.500000000         0.000000000 Sn 
      0.250000000         0.000000000         0.250000000 Sn 
      0.875000000         0.875000000         0.750000000 Sn 
      0.000000000         0.375000000         0.625000000 Sn 
      0.000000000         0.000000000         0.000000000 Sn 
      0.875000000         0.875000000         0.500000000 Sn 
      0.875000000         0.500000000         0.375000000 Sn 
      0.750000000         0.500000000         0.750000000 Sn 
      0.125000000         0.500000000         0.875000000 Sn 
      0.875000000         0.125000000         0.500000000 Sn 
      0.250000000         0.000000000         0.750000000 Sn 
      0.250000000         0.250000000         0.000000000 Sn 
      0.250000000         0.500000000         0.250000000 Sn 
      0.250000000         0.000000000         0.500000000 Sn 
      0.750000000         0.375000000         0.125000000 Sn 
      0.375000000         0.250000000         0.875000000 Sn 
      0.750000000         0.000000000         0.000000000 Sn 
      0.500000000         0.875000000         0.125000000 Sn 
      0.000000000         0.500000000         0.750000000 Sn 
      0.875000000         0.625000000         0.750000000 Sn 
      0.375000000         0.875000000         0.250000000 Sn 
      0.000000000         0.250000000         0.000000000 Sn 
      0.750000000         0.125000000         0.875000000 Sn 
      0.500000000         0.125000000         0.875000000 Sn 
      0.125000000         0.250000000         0.125000000 Sn 
      0.125000000         0.250000000         0.375000000 Sn 
      0.000000000         0.750000000         0.250000000 Sn 
      0.750000000         0.750000000         0.500000000 Sn 
      0.625000000         0.250000000         0.375000000 Sn 
      0.625000000         0.500000000         0.125000000 Sn 
      0.625000000         0.875000000         0.250000000 Sn 
      0.625000000         0.250000000         0.125000000 Sn 
      0.500000000         0.125000000         0.625000000 Sn 
      0.250000000         0.125000000         0.375000000 Sn 
      0.875000000         0.125000000         0.000000000 Sn 
      0.250000000         0.500000000         0.500000000 Sn 
      0.625000000         0.750000000         0.625000000 Sn 
      0.375000000         0.750000000         0.375000000 Sn 
      0.500000000         0.625000000         0.125000000 Sn 
      0.625000000         0.000000000         0.125000000 Sn 
      0.500000000         0.500000000         0.250000000 Sn 
      0.625000000         0.625000000         0.750000000 Sn 
      0.500000000         0.125000000         0.125000000 Sn 
      0.875000000         0.375000000         0.000000000 Sn 
      0.625000000         0.750000000         0.125000000 Sn 
      0.125000000         0.500000000         0.375000000 Sn 
      0.375000000         0.125000000         0.500000000 Sn 
      0.125000000         0.750000000         0.125000000 Sn 
      0.625000000         0.750000000         0.875000000 Sn 
      0.125000000         0.000000000         0.875000000 Sn 
      0.250000000         0.750000000         0.500000000 Sn 
      0.750000000         0.750000000         0.250000000 Sn 
      0.500000000         0.750000000         0.500000000 Sn 
      0.000000000         0.875000000         0.375000000 Sn 
      0.250000000         0.000000000         0.000000000 Sn 
      0.500000000         0.125000000         0.375000000 Sn 
      0.500000000         0.625000000         0.875000000 Sn 
      0.750000000         0.000000000         0.500000000 Sn 
      0.000000000         0.375000000         0.875000000 Sn 
      0.250000000         0.250000000         0.500000000 Sn 
      0.125000000         0.875000000         0.250000000 Sn 
      0.125000000         0.250000000         0.625000000 Sn 
      0.000000000         0.750000000         0.500000000 Sn 
      0.125000000         0.000000000         0.625000000 Sn 
      0.250000000         0.125000000         0.125000000 Sn 
      0.750000000         0.500000000         0.500000000 Sn 
      0.500000000         0.500000000         0.500000000 Sn 
      0.125000000         0.500000000         0.125000000 Sn 
      0.500000000         0.750000000         0.000000000 Sn 
      0.625000000         0.625000000         0.500000000 Sn 
      0.250000000         0.250000000         0.750000000 Sn 
      0.125000000         0.250000000         0.875000000 Sn 
      0.625000000         0.375000000         0.000000000 Sn 
      0.625000000         0.875000000         0.000000000 Sn 
      0.750000000         0.000000000         0.250000000 Sn 
      0.750000000         0.500000000         0.250000000 Sn 
      0.375000000         0.750000000         0.625000000 Sn 
      0.000000000         0.500000000         0.500000000 Sn 
      0.500000000         0.625000000         0.625000000 Sn 
      0.000000000         0.000000000         0.750000000 Sn 
      0.750000000         0.625000000         0.125000000 Sn 
      0.875000000         0.875000000         0.250000000 Sn 
      0.375000000         0.375000000         0.250000000 Sn 
      0.500000000         0.375000000         0.125000000 Sn 
      0.875000000         0.250000000         0.875000000 Sn 
      0.375000000         0.625000000         0.250000000 Sn 
      0.875000000         0.625000000         0.250000000 Sn 
      0.375000000         0.500000000         0.375000000 Sn 
      0.500000000         0.000000000         0.750000000 Sn 
      0.000000000         0.625000000         0.875000000 Sn 
      0.500000000         0.000000000         0.000000000 Sn 
      0.250000000         0.875000000         0.625000000 Sn 
      0.375000000         0.375000000         0.750000000 Sn 
      0.875000000         0.125000000         0.250000000 Sn 
      0.125000000         0.750000000         0.375000000 Sn 
      0.250000000         0.375000000         0.625000000 Sn 
      0.375000000         0.875000000         0.500000000 Sn 
      0.875000000         0.000000000         0.125000000 Sn 
      0.125000000         0.750000000         0.625000000 Sn 
      0.875000000         0.750000000         0.125000000 Sn 
      0.375000000         0.125000000         0.250000000 Sn 
      0.125000000         0.875000000         0.750000000 Sn 
      0.625000000         0.000000000         0.875000000 Sn 
      0.250000000         0.750000000         0.250000000 Sn 
      0.500000000         0.875000000         0.625000000 Sn 
      0.125000000         0.500000000         0.625000000 Sn 
      0.000000000         0.500000000         0.000000000 Sn 
      0.875000000         0.375000000         0.250000000 Sn 
      0.750000000         0.250000000         0.000000000 Sn 
      0.250000000         0.625000000         0.625000000 Sn 
      0.375000000         0.375000000         0.000000000 Sn 
      0.125000000         0.000000000         0.125000000 Sn 
      0.750000000         0.500000000         0.000000000 Sn 
      0.058184959         0.062500000         0.062500000 P 
      0.058184959         0.062500000         0.562500000 P 
      0.058184959         0.312500000         0.062500000 P 
      0.058184959         0.312500000         0.562500000 P 
      0.058184959         0.562500000         0.062500000 P 
      0.058184959         0.562500000         0.562500000 P 
      0.058184959         0.812500000         0.062500000 P 
      0.058184959         0.812500000         0.562500000 P 
      0.308184952         0.062500000         0.062500000 P 
      0.308184952         0.062500000         0.562500000 P 
      0.308184952         0.312500000         0.062500000 P 
      0.308184952         0.312500000         0.562500000 P 
      0.308184952         0.562500000         0.062500000 P 
      0.308184952         0.562500000         0.562500000 P 
      0.308184952         0.812500000         0.062500000 P 
      0.308184952         0.812500000         0.562500000 P 
      0.558184981         0.062500000         0.062500000 P 
      0.558184981         0.062500000         0.562500000 P 
      0.558184981         0.312500000         0.062500000 P 
      0.558184981         0.312500000         0.562500000 P 
      0.558184981         0.562500000         0.062500000 P 
      0.558184981         0.562500000         0.562500000 P 
      0.558184981         0.812500000         0.062500000 P 
      0.558184981         0.812500000         0.562500000 P 
      0.808184981         0.062500000         0.062500000 P 
      0.808184981         0.062500000         0.562500000 P 
      0.808184981         0.312500000         0.062500000 P 
      0.808184981         0.312500000         0.562500000 P 
      0.808184981         0.562500000         0.062500000 P 
      0.808184981         0.562500000         0.562500000 P 
      0.808184981         0.812500000         0.062500000 P 
      0.808184981         0.812500000         0.562500000 P 
      0.187500000         0.066815041         0.187500000 P 
      0.187500000         0.066815041         0.687500000 P 
      0.187500000         0.316815048         0.187500000 P 
      0.187500000         0.316815048         0.687500000 P 
      0.187500000         0.566815019         0.187500000 P 
      0.187500000         0.566815019         0.687500000 P 
      0.187500000         0.816815019         0.187500000 P 
      0.187500000         0.816815019         0.687500000 P 
      0.437500000         0.066815041         0.187500000 P 
      0.437500000         0.066815041         0.687500000 P 
      0.437500000         0.316815048         0.187500000 P 
      0.437500000         0.316815048         0.687500000 P 
      0.437500000         0.566815019         0.187500000 P 
      0.437500000         0.566815019         0.687500000 P 
      0.437500000         0.816815019         0.187500000 P 
      0.437500000         0.816815019         0.687500000 P 
      0.687500000         0.066815041         0.187500000 P 
      0.687500000         0.066815041         0.687500000 P 
      0.687500000         0.316815048         0.187500000 P 
      0.687500000         0.316815048         0.687500000 P 
      0.687500000         0.566815019         0.187500000 P 
      0.687500000         0.566815019         0.687500000 P 
      0.687500000         0.816815019         0.187500000 P 
      0.687500000         0.816815019         0.687500000 P 
      0.937500000         0.066815041         0.187500000 P 
      0.937500000         0.066815041         0.687500000 P 
      0.937500000         0.316815048         0.187500000 P 
      0.937500000         0.316815048         0.687500000 P 
      0.937500000         0.566815019         0.187500000 P 
      0.937500000         0.566815019         0.687500000 P 
      0.937500000         0.816815019         0.187500000 P 
      0.937500000         0.816815019         0.687500000 P 
      0.062500000         0.183184952         0.187500000 P 
      0.062500000         0.183184952         0.687500000 P 
      0.062500000         0.433184952         0.187500000 P 
      0.062500000         0.433184952         0.687500000 P 
      0.062500000         0.683184981         0.187500000 P 
      0.062500000         0.683184981         0.687500000 P 
      0.062500000         0.933184981         0.187500000 P 
      0.062500000         0.933184981         0.687500000 P 
      0.312500000         0.183184952         0.187500000 P 
      0.312500000         0.183184952         0.687500000 P 
      0.312500000         0.433184952         0.187500000 P 
      0.312500000         0.433184952         0.687500000 P 
      0.312500000         0.683184981         0.187500000 P 
      0.312500000         0.683184981         0.687500000 P 
      0.312500000         0.933184981         0.187500000 P 
      0.312500000         0.933184981         0.687500000 P 
      0.562500000         0.183184952         0.187500000 P 
      0.562500000         0.183184952         0.687500000 P 
      0.562500000         0.433184952         0.187500000 P 
      0.562500000         0.433184952         0.687500000 P 
      0.562500000         0.683184981         0.187500000 P 
      0.562500000         0.683184981         0.687500000 P 
      0.562500000         0.933184981         0.187500000 P 
      0.562500000         0.933184981         0.687500000 P 
      0.812500000         0.183184952         0.187500000 P 
      0.812500000         0.183184952         0.687500000 P 
      0.812500000         0.433184952         0.187500000 P 
      0.812500000         0.433184952         0.687500000 P 
      0.812500000         0.683184981         0.187500000 P 
      0.812500000         0.683184981         0.687500000 P 
      0.812500000         0.933184981         0.187500000 P 
      0.812500000         0.933184981         0.687500000 P 
      0.191815048         0.187500000         0.062500000 P 
      0.191815048         0.187500000         0.562500000 P 
      0.191815048         0.437500000         0.062500000 P 
      0.191815048         0.437500000         0.562500000 P 
      0.191815048         0.687500000         0.062500000 P 
      0.191815048         0.687500000         0.562500000 P 
      0.191815048         0.937500000         0.062500000 P 
      0.191815048         0.937500000         0.562500000 P 
      0.441815048         0.187500000         0.062500000 P 
      0.441815048         0.187500000         0.562500000 P 
      0.441815048         0.437500000         0.062500000 P 
      0.441815048         0.437500000         0.562500000 P 
      0.441815048         0.687500000         0.062500000 P 
      0.441815048         0.687500000         0.562500000 P 
      0.441815048         0.937500000         0.062500000 P 
      0.441815048         0.937500000         0.562500000 P 
      0.691815019         0.187500000         0.062500000 P 
      0.691815019         0.187500000         0.562500000 P 
      0.691815019         0.437500000         0.062500000 P 
      0.691815019         0.437500000         0.562500000 P 
      0.691815019         0.687500000         0.062500000 P 
      0.691815019         0.687500000         0.562500000 P 
      0.691815019         0.937500000         0.062500000 P 
      0.691815019         0.937500000         0.562500000 P 
      0.941815019         0.187500000         0.062500000 P 
      0.941815019         0.187500000         0.562500000 P 
      0.941815019         0.437500000         0.062500000 P 
      0.941815019         0.437500000         0.562500000 P 
      0.941815019         0.687500000         0.062500000 P 
      0.941815019         0.687500000         0.562500000 P 
      0.941815019         0.937500000         0.062500000 P 
      0.941815019         0.937500000         0.562500000 P 
      0.183184952         0.187500000         0.312500000 P 
      0.183184952         0.187500000         0.812500000 P 
      0.183184952         0.437500000         0.312500000 P 
      0.183184952         0.437500000         0.812500000 P 
      0.183184952         0.687500000         0.312500000 P 
      0.183184952         0.687500000         0.812500000 P 
      0.183184952         0.937500000         0.312500000 P 
      0.183184952         0.937500000         0.812500000 P 
      0.433184952         0.187500000         0.312500000 P 
      0.433184952         0.187500000         0.812500000 P 
      0.433184952         0.437500000         0.312500000 P 
      0.433184952         0.437500000         0.812500000 P 
      0.433184952         0.687500000         0.312500000 P 
      0.433184952         0.687500000         0.812500000 P 
      0.433184952         0.937500000         0.312500000 P 
      0.433184952         0.937500000         0.812500000 P 
      0.683184981         0.187500000         0.312500000 P 
      0.683184981         0.187500000         0.812500000 P 
      0.683184981         0.437500000         0.312500000 P 
      0.683184981         0.437500000         0.812500000 P 
      0.683184981         0.687500000         0.312500000 P 
      0.683184981         0.687500000         0.812500000 P 
      0.683184981         0.937500000         0.312500000 P 
      0.683184981         0.937500000         0.812500000 P 
      0.933184981         0.187500000         0.312500000 P 
      0.933184981         0.187500000         0.812500000 P 
      0.933184981         0.437500000         0.312500000 P 
      0.933184981         0.437500000         0.812500000 P 
      0.933184981         0.687500000         0.312500000 P 
      0.933184981         0.687500000         0.812500000 P 
      0.933184981         0.937500000         0.312500000 P 
      0.933184981         0.937500000         0.812500000 P 
      0.062500000         0.191815048         0.437500000 P 
      0.062500000         0.191815048         0.937500000 P 
      0.062500000         0.441815048         0.437500000 P 
      0.062500000         0.441815048         0.937500000 P 
      0.062500000         0.691815019         0.437500000 P 
      0.062500000         0.691815019         0.937500000 P 
      0.062500000         0.941815019         0.437500000 P 
      0.062500000         0.941815019         0.937500000 P 
      0.312500000         0.191815048         0.437500000 P 
      0.312500000         0.191815048         0.937500000 P 
      0.312500000         0.441815048         0.437500000 P 
      0.312500000         0.441815048         0.937500000 P 
      0.312500000         0.691815019         0.437500000 P 
      0.312500000         0.691815019         0.937500000 P 
      0.312500000         0.941815019         0.437500000 P 
      0.312500000         0.941815019         0.937500000 P 
      0.562500000         0.191815048         0.437500000 P 
      0.562500000         0.191815048         0.937500000 P 
      0.562500000         0.441815048         0.437500000 P 
      0.562500000         0.441815048         0.937500000 P 
      0.562500000         0.691815019         0.437500000 P 
      0.562500000         0.691815019         0.937500000 P 
      0.562500000         0.941815019         0.437500000 P 
      0.562500000         0.941815019         0.937500000 P 
      0.812500000         0.191815048         0.437500000 P 
      0.812500000         0.191815048         0.937500000 P 
      0.812500000         0.441815048         0.437500000 P 
      0.812500000         0.441815048         0.937500000 P 
      0.812500000         0.691815019         0.437500000 P 
      0.812500000         0.691815019         0.937500000 P 
      0.812500000         0.941815019         0.437500000 P 
      0.812500000         0.941815019         0.937500000 P 
      0.187500000         0.058184959         0.437500000 P 
      0.187500000         0.058184959         0.937500000 P 
      0.187500000         0.308184952         0.437500000 P 
      0.187500000         0.308184952         0.937500000 P 
      0.187500000         0.558184981         0.437500000 P 
      0.187500000         0.558184981         0.937500000 P 
      0.187500000         0.808184981         0.437500000 P 
      0.187500000         0.808184981         0.937500000 P 
      0.437500000         0.058184959         0.437500000 P 
      0.437500000         0.058184959         0.937500000 P 
      0.437500000         0.308184952         0.437500000 P 
      0.437500000         0.308184952         0.937500000 P 
      0.437500000         0.558184981         0.437500000 P 
      0.437500000         0.558184981         0.937500000 P 
      0.437500000         0.808184981         0.437500000 P 
      0.437500000         0.808184981         0.937500000 P 
      0.687500000         0.058184959         0.437500000 P 
      0.687500000         0.058184959         0.937500000 P 
      0.687500000         0.308184952         0.437500000 P 
      0.687500000         0.308184952         0.937500000 P 
      0.687500000         0.558184981         0.437500000 P 
      0.687500000         0.558184981         0.937500000 P 
      0.687500000         0.808184981         0.437500000 P 
      0.687500000         0.808184981         0.937500000 P 
      0.937500000         0.058184959         0.437500000 P 
      0.937500000         0.058184959         0.937500000 P 
      0.937500000         0.308184952         0.437500000 P 
      0.937500000         0.308184952         0.937500000 P 
      0.937500000         0.558184981         0.437500000 P 
      0.937500000         0.558184981         0.937500000 P 
      0.937500000         0.808184981         0.437500000 P 
      0.937500000         0.808184981         0.937500000 P 
      0.066815041         0.062500000         0.312500000 P 
      0.066815041         0.062500000         0.812500000 P 
      0.066815041         0.312500000         0.312500000 P 
      0.066815041         0.312500000         0.812500000 P 
      0.066815041         0.562500000         0.312500000 P 
      0.066815041         0.562500000         0.812500000 P 
      0.066815041         0.812500000         0.312500000 P 
      0.066815041         0.812500000         0.812500000 P 
      0.316815048         0.062500000         0.312500000 P 
      0.316815048         0.062500000         0.812500000 P 
      0.316815048         0.312500000         0.312500000 P 
      0.316815048         0.312500000         0.812500000 P 
      0.316815048         0.562500000         0.312500000 P 
      0.316815048         0.562500000         0.812500000 P 
      0.316815048         0.812500000         0.312500000 P 
      0.316815048         0.812500000         0.812500000 P 
      0.566815019         0.062500000         0.312500000 P 
      0.566815019         0.062500000         0.812500000 P 
      0.566815019         0.312500000         0.312500000 P 
      0.566815019         0.312500000         0.812500000 P 
      0.566815019         0.562500000         0.312500000 P 
      0.566815019         0.562500000         0.812500000 P 
      0.566815019         0.812500000         0.312500000 P 
      0.566815019         0.812500000         0.812500000 P 
      0.816815019         0.062500000         0.312500000 P 
      0.816815019         0.062500000         0.812500000 P 
      0.816815019         0.312500000         0.312500000 P 
      0.816815019         0.312500000         0.812500000 P 
      0.816815019         0.562500000         0.312500000 P 
      0.816815019         0.562500000         0.812500000 P 
      0.816815019         0.812500000         0.312500000 P 
      0.816815019         0.812500000         0.812500000 P 
