4
4.01975
2
0.50000 0.50000 0.00000 0 0
1.00000 0.00000 0.00000 0 0

4
4.01975
2
0.50000 0.50000 0.50000 0 0
1.00000 1.00000 0.50000 0 0

2
4.02458
2
0.50000 0.50000 0.00000 0 0
0.50000 -0.00000 0.25000 0 0

2
4.02458
2
0.50000 0.50000 0.50000 0 0
0.50000 1.00000 0.75000 0 0

4
4.02458
2
0.50000 -0.00000 0.25000 0 0
0.50000 -0.50000 0.50000 0 0

4
4.03815
2
0.50000 0.50000 0.50000 0 0
1.00000 0.50000 0.75000 0 0

2
4.03815
2
-0.00000 0.50000 0.25000 0 0
-0.50000 0.50000 0.50000 0 0

2
4.03815
2
0.50000 -0.00000 0.25000 0 0
-0.00000 -0.00000 0.50000 0 0

2
5.66550
2
-0.00000 0.50000 0.25000 0 0
-0.00000 1.50000 0.25000 0 0

2
5.66550
2
0.50000 0.50000 0.00000 0 0
0.50000 -0.50000 0.00000 0 0

2
5.70400
2
0.50000 0.50000 0.00000 0 0
-0.50000 0.50000 0.00000 0 0

2
5.70400
2
0.50000 0.50000 0.50000 0 0
-0.50000 0.50000 0.50000 0 0

2
5.71760
2
0.50000 0.50000 0.00000 0 0
0.50000 0.50000 0.50000 0 0

2
5.71760
2
0.50000 -0.00000 0.25000 0 0
0.50000 -0.00000 0.75000 0 0

4
6.95734
2
-0.00000 0.50000 0.25000 0 0
-0.50000 1.50000 0.00000 0 0

4
6.95734
2
0.50000 0.50000 0.50000 0 0
1.00000 1.50000 0.25000 0 0

4
6.95734
2
-0.00000 0.50000 0.25000 0 0
0.50000 1.50000 0.00000 0 0

4
6.95734
2
0.50000 -0.00000 0.25000 0 0
-0.00000 -1.00000 0.50000 0 0

4
6.98089
2
0.50000 -0.00000 0.25000 0 0
-0.50000 -0.50000 0.50000 0 0

4
6.98089
2
0.50000 0.50000 0.00000 0 0
-0.50000 -0.00000 0.25000 0 0

4
6.98089
2
0.50000 0.50000 0.50000 0 0
1.50000 1.00000 0.75000 0 0

4
6.98089
2
0.50000 0.50000 0.50000 0 0
-0.50000 1.00000 0.25000 0 0

4
6.98923
2
0.50000 -0.00000 0.25000 0 0
-0.00000 -0.50000 0.75000 0 0

4
6.98923
2
-0.00000 0.50000 0.25000 0 0
-0.50000 -0.00000 0.75000 0 0

4
6.98923
2
-0.00000 0.50000 0.25000 0 0
-0.50000 1.00000 0.75000 0 0

4
6.98923
2
0.50000 -0.00000 0.25000 0 0
1.00000 -0.50000 0.75000 0 0

2
8.03950
2
-0.00000 0.50000 0.25000 0 0
-1.00000 1.50000 0.25000 0 0

2
8.03950
2
-0.00000 0.50000 0.25000 0 0
1.00000 1.50000 0.25000 0 0

2
8.03950
2
0.50000 0.50000 0.00000 0 0
-0.50000 -0.50000 0.00000 0 0

2
8.03950
2
0.50000 -0.00000 0.25000 0 0
-0.50000 -1.00000 0.25000 0 0

4
8.04915
2
0.50000 -0.00000 0.25000 0 0
0.50000 -1.00000 0.75000 0 0

4
8.04915
2
0.50000 0.50000 0.00000 0 0
0.50000 -0.50000 0.50000 0 0

4
8.07630
2
0.50000 -0.00000 0.25000 0 0
-0.50000 -0.00000 0.75000 0 0

4
8.07630
2
0.50000 0.50000 0.00000 0 0
-0.50000 0.50000 0.50000 0 0

4
8.96405
2
0.50000 -0.00000 0.25000 0 0
1.00000 -1.50000 0.25000 0 0

4
8.96405
2
0.50000 -0.00000 0.25000 0 0
0.00000 -1.50000 0.25000 0 0

2
8.96621
2
0.50000 -0.00000 0.25000 0 0
0.50000 -1.50000 0.00000 0 0

4
8.96621
2
0.50000 -0.00000 0.25000 0 0
0.50000 -1.50000 0.50000 0 0

2
8.96621
2
-0.00000 0.50000 0.25000 0 0
0.00000 -1.00000 0.00000 0 0

4
9.01275
2
0.50000 -0.00000 0.25000 0 0
-1.00000 -0.50000 0.25000 0 0

4
9.01275
2
0.50000 -0.00000 0.25000 0 0
-1.00000 0.50000 0.25000 0 0

2
9.02097
2
-0.00000 0.50000 0.25000 0 0
-1.50000 0.50000 0.50000 0 0

2
9.02097
2
0.50000 0.50000 0.00000 0 0
2.00000 0.50000 -0.25000 0 0

4
9.02097
2
0.50000 0.50000 0.00000 0 0
-1.00000 0.50000 0.25000 0 0

4
9.03212
2
0.50000 0.50000 0.00000 0 0
0.50000 -0.00000 0.75000 0 0

2
9.03212
2
-0.00000 0.50000 0.25000 0 0
0.00000 0.00000 1.00000 0 0

2
9.03212
2
0.50000 -0.00000 0.25000 0 0
0.50000 -0.50000 1.00000 0 0

2
9.03817
2
0.50000 0.50000 0.00000 0 0
-0.00000 0.50000 0.75000 0 0

2
9.03817
2
-0.00000 0.50000 0.25000 0 0
-0.50000 0.50000 -0.50000 0 0

4
9.03817
2
0.50000 -0.00000 0.25000 0 0
0.00000 0.00000 1.00000 0 0

4
9.86532
2
0.50000 0.50000 0.50000 0 0
1.50000 1.50000 0.00000 0 0

4
9.86532
2
-0.00000 0.50000 0.25000 0 0
-1.00000 -0.50000 0.75000 0 0

4
9.86532
2
0.50000 -0.00000 0.25000 0 0
-0.50000 -1.00000 0.75000 0 0

4
9.86532
2
-0.00000 0.50000 0.25000 0 0
1.00000 -0.50000 -0.25000 0 0

